<?xml version="1.0" encoding="utf-8"?><testsuites><testsuite name="pytest" errors="0" failures="0" skipped="0" tests="72" time="1.872" timestamp="2021-07-13T16:57:54.243966" hostname="augustin-AERO-15XV8"><testcase classname="tests.agendas_catalogue.test_agendas_api" name="test_get_categorie" time="0.033" /><testcase classname="tests.billing.test_billing_service" name="test_get_billing" time="0.127" /><testcase classname="tests.billing.test_billing_service" name="test_gets_billing" time="0.005" /><testcase classname="tests.billing.test_billing_service" name="test_create_billing" time="0.016" /><testcase classname="tests.billing.test_billing_service" name="test_update_billing" time="0.007" /><testcase classname="tests.billing.test_billing_service" name="test_delete_billing" time="0.006" /><testcase classname="tests.categorie.test_categorie_api" name="test_get_categorie" time="0.026" /><testcase classname="tests.categorie.test_categorie_api" name="test_get_categories" time="0.031" /><testcase classname="tests.categorie.test_categorie_api" name="test_create_categorie" time="0.026" /><testcase classname="tests.categorie.test_categorie_api" name="test_update_categorie" time="0.029" /><testcase classname="tests.categorie.test_categorie_api" name="test_delete_categorie" time="0.019" /><testcase classname="tests.categorie.test_categorie_service" name="test_get_categorie" time="0.018" /><testcase classname="tests.categorie.test_categorie_service" name="test_get_all_categorie" time="0.020" /><testcase classname="tests.categorie.test_categorie_service" name="test_create_categorie" time="0.002" /><testcase classname="tests.categorie.test_categorie_service" name="test_update_categorie" time="0.017" /><testcase classname="tests.categorie.test_categorie_service" name="test_delete_categorie" time="0.012" /><testcase classname="tests.fluctuation.test_fluctuation_api" name="test_get_fluctuation" time="0.012" /><testcase classname="tests.fluctuation.test_fluctuation_api" name="test_get_fluctuations" time="0.011" /><testcase classname="tests.fluctuation.test_fluctuation_api" name="test_create_fluctuation" time="0.010" /><testcase classname="tests.fluctuation.test_fluctuation_api" name="test_update_fluctuation" time="0.009" /><testcase classname="tests.fluctuation.test_fluctuation_api" name="test_delete_fluctuation" time="0.011" /><testcase classname="tests.fluctuation.test_fluctuation_service" name="test_get_fluctuation" time="0.004" /><testcase classname="tests.fluctuation.test_fluctuation_service" name="test_get_fluctuations" time="0.003" /><testcase classname="tests.fluctuation.test_fluctuation_service" name="test_create_fluctuation" time="0.002" /><testcase classname="tests.fluctuation.test_fluctuation_service" name="test_update_fluctuation" time="0.006" /><testcase classname="tests.fluctuation.test_fluctuation_service" name="test_delete_fluctuation" time="0.003" /><testcase classname="tests.hotel.test_hotel_api" name="test_get_hotel" time="0.029" /><testcase classname="tests.hotel.test_hotel_api" name="test_create_hotel" time="0.024" /><testcase classname="tests.hotel.test_hotel_api" name="test_get_hotels" time="0.021" /><testcase classname="tests.hotel.test_hotel_api" name="test_update_hotel" time="0.022" /><testcase classname="tests.hotel.test_hotel_api" name="test_delete_hotel" time="0.029" /><testcase classname="tests.hotel.test_hotel_service" name="test_create" time="0.002" /><testcase classname="tests.hotel.test_hotel_service" name="test_get_hotel" time="0.012" /><testcase classname="tests.hotel.test_hotel_service" name="test_get_all_hotels" time="0.012" /><testcase classname="tests.hotel.test_hotel_service" name="test_update_hotel" time="0.014" /><testcase classname="tests.hotel.test_hotel_service" name="test_delete_hotel" time="0.011" /><testcase classname="tests.option.test_option_api" name="test_get_option" time="0.031" /><testcase classname="tests.option.test_option_api" name="test_get_options" time="0.029" /><testcase classname="tests.option.test_option_api" name="test_create_option" time="0.018" /><testcase classname="tests.option.test_option_api" name="test_update_option" time="0.023" /><testcase classname="tests.option.test_option_api" name="test_delete_option" time="0.019" /><testcase classname="tests.option.test_option_service" name="test_get_option" time="0.016" /><testcase classname="tests.option.test_option_service" name="test_get_options" time="0.007" /><testcase classname="tests.option.test_option_service" name="test_create_option" time="0.002" /><testcase classname="tests.option.test_option_service" name="test_update_option" time="0.013" /><testcase classname="tests.option.test_option_service" name="test_delete_option" time="0.011" /><testcase classname="tests.reservation.test_reservation_service" name="test_get_reservation" time="0.016" /><testcase classname="tests.reservation.test_reservation_service" name="test_get_reservations" time="0.019" /><testcase classname="tests.reservation.test_reservation_service" name="test_create_reservation" time="0.014" /><testcase classname="tests.reservation.test_reservation_service" name="test_create_reservationwithoptions" time="0.022" /><testcase classname="tests.reservation.test_reservation_service" name="test_create_reservationwithrooms" time="0.009" /><testcase classname="tests.reservation.test_reservation_service" name="test_update_reservation" time="0.008" /><testcase classname="tests.reservation.test_reservation_service" name="test_delete_reservation" time="0.021" /><testcase classname="tests.reservationOption.test_reservation_option_service" name="test_get_ro" time="0.004" /><testcase classname="tests.reservationOption.test_reservation_option_service" name="test_get_ros" time="0.004" /><testcase classname="tests.reservationOption.test_reservation_option_service" name="test_create_ro" time="0.022" /><testcase classname="tests.reservationOption.test_reservation_option_service" name="test_update_ro" time="0.006" /><testcase classname="tests.reservationOption.test_reservation_option_service" name="test_delete_ro" time="0.005" /><testcase classname="tests.room.test_room_api" name="test_get_room" time="0.012" /><testcase classname="tests.room.test_room_api" name="test_get_rooms" time="0.013" /><testcase classname="tests.room.test_room_api" name="test_create_room" time="0.070" /><testcase classname="tests.room.test_room_api" name="test_update_room" time="0.020" /><testcase classname="tests.room.test_room_api" name="test_delete_room" time="0.012" /><testcase classname="tests.room.test_room_service" name="test_get_file" time="0.004" /><testcase classname="tests.room.test_room_service" name="test_get_all" time="0.008" /><testcase classname="tests.room.test_room_service" name="test_create_room" time="0.015" /><testcase classname="tests.room.test_room_service" name="test_delete_room" time="0.008" /><testcase classname="tests.user.test_user_service" name="test_create_user" time="0.252" /><testcase classname="tests.user.test_user_service" name="test_get_user" time="0.004" /><testcase classname="tests.user.test_user_service" name="test_get_users" time="0.005" /><testcase classname="tests.user.test_user_service" name="test_update_user" time="0.008" /><testcase classname="tests.user.test_user_service" name="test_delete_user" time="0.012" /></testsuite></testsuites>